CRITICAL - 2022-03-07 01:17:48 --> msg is not a valid Validation template.
#0 D:\AllWork\Project-PHP-Usecase\system\Validation\Validation.php(485): CodeIgniter\Validation\Exceptions\ValidationException::forInvalidTemplate('msg')
#1 D:\AllWork\Project-PHP-Usecase\app\Views\register.php(39): CodeIgniter\Validation\Validation->listErrors('msg')
#2 D:\AllWork\Project-PHP-Usecase\system\View\View.php(210): include('D:\\AllWork\\Proj...')
#3 D:\AllWork\Project-PHP-Usecase\system\View\View.php(213): CodeIgniter\View\View->CodeIgniter\View\{closure}()
#4 D:\AllWork\Project-PHP-Usecase\system\Common.php(1089): CodeIgniter\View\View->render('register', Array, true)
#5 D:\AllWork\Project-PHP-Usecase\app\Controllers\logincontro.php(49): view('register', Array)
#6 D:\AllWork\Project-PHP-Usecase\system\CodeIgniter.php(832): App\Controllers\logincontro->register()
#7 D:\AllWork\Project-PHP-Usecase\system\CodeIgniter.php(419): CodeIgniter\CodeIgniter->runController(Object(App\Controllers\logincontro))
#8 D:\AllWork\Project-PHP-Usecase\system\CodeIgniter.php(326): CodeIgniter\CodeIgniter->handleRequest(NULL, Object(Config\Cache), false)
#9 D:\AllWork\Project-PHP-Usecase\public\index.php(37): CodeIgniter\CodeIgniter->run()
#10 D:\AllWork\Project-PHP-Usecase\system\Commands\Server\rewrite.php(43): require_once('D:\\AllWork\\Proj...')
#11 {main}
CRITICAL - 2022-03-07 01:48:03 --> Call to undefined function set_value()
#0 D:\AllWork\Project-PHP-Usecase\system\View\View.php(210): include()
#1 D:\AllWork\Project-PHP-Usecase\system\View\View.php(213): CodeIgniter\View\View->CodeIgniter\View\{closure}()
#2 D:\AllWork\Project-PHP-Usecase\system\Common.php(1089): CodeIgniter\View\View->render('login', Array, true)
#3 D:\AllWork\Project-PHP-Usecase\app\Controllers\Home.php(9): view('login')
#4 D:\AllWork\Project-PHP-Usecase\system\CodeIgniter.php(832): App\Controllers\Home->index()
#5 D:\AllWork\Project-PHP-Usecase\system\CodeIgniter.php(419): CodeIgniter\CodeIgniter->runController(Object(App\Controllers\Home))
#6 D:\AllWork\Project-PHP-Usecase\system\CodeIgniter.php(326): CodeIgniter\CodeIgniter->handleRequest(NULL, Object(Config\Cache), false)
#7 D:\AllWork\Project-PHP-Usecase\public\index.php(37): CodeIgniter\CodeIgniter->run()
#8 D:\AllWork\Project-PHP-Usecase\system\Commands\Server\rewrite.php(43): require_once('D:\\AllWork\\Proj...')
#9 {main}
CRITICAL - 2022-03-07 01:48:06 --> Call to undefined function set_value()
#0 D:\AllWork\Project-PHP-Usecase\system\View\View.php(210): include()
#1 D:\AllWork\Project-PHP-Usecase\system\View\View.php(213): CodeIgniter\View\View->CodeIgniter\View\{closure}()
#2 D:\AllWork\Project-PHP-Usecase\system\Common.php(1089): CodeIgniter\View\View->render('login', Array, true)
#3 D:\AllWork\Project-PHP-Usecase\app\Controllers\Home.php(9): view('login')
#4 D:\AllWork\Project-PHP-Usecase\system\CodeIgniter.php(832): App\Controllers\Home->index()
#5 D:\AllWork\Project-PHP-Usecase\system\CodeIgniter.php(419): CodeIgniter\CodeIgniter->runController(Object(App\Controllers\Home))
#6 D:\AllWork\Project-PHP-Usecase\system\CodeIgniter.php(326): CodeIgniter\CodeIgniter->handleRequest(NULL, Object(Config\Cache), false)
#7 D:\AllWork\Project-PHP-Usecase\public\index.php(37): CodeIgniter\CodeIgniter->run()
#8 D:\AllWork\Project-PHP-Usecase\system\Commands\Server\rewrite.php(43): require_once('D:\\AllWork\\Proj...')
#9 {main}
CRITICAL - 2022-03-07 01:49:54 --> Call to undefined function set_value()
#0 D:\AllWork\Project-PHP-Usecase\system\View\View.php(210): include()
#1 D:\AllWork\Project-PHP-Usecase\system\View\View.php(213): CodeIgniter\View\View->CodeIgniter\View\{closure}()
#2 D:\AllWork\Project-PHP-Usecase\system\Common.php(1089): CodeIgniter\View\View->render('login', Array, true)
#3 D:\AllWork\Project-PHP-Usecase\app\Controllers\Home.php(9): view('login')
#4 D:\AllWork\Project-PHP-Usecase\system\CodeIgniter.php(832): App\Controllers\Home->index()
#5 D:\AllWork\Project-PHP-Usecase\system\CodeIgniter.php(419): CodeIgniter\CodeIgniter->runController(Object(App\Controllers\Home))
#6 D:\AllWork\Project-PHP-Usecase\system\CodeIgniter.php(326): CodeIgniter\CodeIgniter->handleRequest(NULL, Object(Config\Cache), false)
#7 D:\AllWork\Project-PHP-Usecase\public\index.php(37): CodeIgniter\CodeIgniter->run()
#8 D:\AllWork\Project-PHP-Usecase\system\Commands\Server\rewrite.php(43): require_once('D:\\AllWork\\Proj...')
#9 {main}
CRITICAL - 2022-03-07 01:51:58 --> Call to undefined function set_value()
#0 D:\AllWork\Project-PHP-Usecase\system\View\View.php(210): include()
#1 D:\AllWork\Project-PHP-Usecase\system\View\View.php(213): CodeIgniter\View\View->CodeIgniter\View\{closure}()
#2 D:\AllWork\Project-PHP-Usecase\system\Common.php(1089): CodeIgniter\View\View->render('login', Array, true)
#3 D:\AllWork\Project-PHP-Usecase\app\Controllers\Home.php(9): view('login')
#4 D:\AllWork\Project-PHP-Usecase\system\CodeIgniter.php(832): App\Controllers\Home->index()
#5 D:\AllWork\Project-PHP-Usecase\system\CodeIgniter.php(419): CodeIgniter\CodeIgniter->runController(Object(App\Controllers\Home))
#6 D:\AllWork\Project-PHP-Usecase\system\CodeIgniter.php(326): CodeIgniter\CodeIgniter->handleRequest(NULL, Object(Config\Cache), false)
#7 D:\AllWork\Project-PHP-Usecase\public\index.php(37): CodeIgniter\CodeIgniter->run()
#8 D:\AllWork\Project-PHP-Usecase\system\Commands\Server\rewrite.php(43): require_once('D:\\AllWork\\Proj...')
#9 {main}
CRITICAL - 2022-03-07 01:54:02 --> Call to undefined function set_value()
#0 D:\AllWork\Project-PHP-Usecase\system\View\View.php(210): include()
#1 D:\AllWork\Project-PHP-Usecase\system\View\View.php(213): CodeIgniter\View\View->CodeIgniter\View\{closure}()
#2 D:\AllWork\Project-PHP-Usecase\system\Common.php(1089): CodeIgniter\View\View->render('login', Array, true)
#3 D:\AllWork\Project-PHP-Usecase\app\Controllers\Home.php(9): view('login')
#4 D:\AllWork\Project-PHP-Usecase\system\CodeIgniter.php(832): App\Controllers\Home->index()
#5 D:\AllWork\Project-PHP-Usecase\system\CodeIgniter.php(419): CodeIgniter\CodeIgniter->runController(Object(App\Controllers\Home))
#6 D:\AllWork\Project-PHP-Usecase\system\CodeIgniter.php(326): CodeIgniter\CodeIgniter->handleRequest(NULL, Object(Config\Cache), false)
#7 D:\AllWork\Project-PHP-Usecase\public\index.php(37): CodeIgniter\CodeIgniter->run()
#8 D:\AllWork\Project-PHP-Usecase\system\Commands\Server\rewrite.php(43): require_once('D:\\AllWork\\Proj...')
#9 {main}
CRITICAL - 2022-03-07 02:00:50 --> Call to undefined function set_value()
#0 D:\AllWork\Project-PHP-Usecase\system\View\View.php(210): include()
#1 D:\AllWork\Project-PHP-Usecase\system\View\View.php(213): CodeIgniter\View\View->CodeIgniter\View\{closure}()
#2 D:\AllWork\Project-PHP-Usecase\system\Common.php(1089): CodeIgniter\View\View->render('login', Array, true)
#3 D:\AllWork\Project-PHP-Usecase\app\Controllers\Home.php(9): view('login')
#4 D:\AllWork\Project-PHP-Usecase\system\CodeIgniter.php(832): App\Controllers\Home->index()
#5 D:\AllWork\Project-PHP-Usecase\system\CodeIgniter.php(419): CodeIgniter\CodeIgniter->runController(Object(App\Controllers\Home))
#6 D:\AllWork\Project-PHP-Usecase\system\CodeIgniter.php(326): CodeIgniter\CodeIgniter->handleRequest(NULL, Object(Config\Cache), false)
#7 D:\AllWork\Project-PHP-Usecase\public\index.php(37): CodeIgniter\CodeIgniter->run()
#8 D:\AllWork\Project-PHP-Usecase\system\Commands\Server\rewrite.php(43): require_once('D:\\AllWork\\Proj...')
#9 {main}
CRITICAL - 2022-03-07 02:06:37 --> Call to undefined function set_value()
#0 D:\AllWork\Project-PHP-Usecase\system\View\View.php(210): include()
#1 D:\AllWork\Project-PHP-Usecase\system\View\View.php(213): CodeIgniter\View\View->CodeIgniter\View\{closure}()
#2 D:\AllWork\Project-PHP-Usecase\system\Common.php(1089): CodeIgniter\View\View->render('login', Array, true)
#3 D:\AllWork\Project-PHP-Usecase\app\Controllers\Home.php(9): view('login')
#4 D:\AllWork\Project-PHP-Usecase\system\CodeIgniter.php(832): App\Controllers\Home->index()
#5 D:\AllWork\Project-PHP-Usecase\system\CodeIgniter.php(419): CodeIgniter\CodeIgniter->runController(Object(App\Controllers\Home))
#6 D:\AllWork\Project-PHP-Usecase\system\CodeIgniter.php(326): CodeIgniter\CodeIgniter->handleRequest(NULL, Object(Config\Cache), false)
#7 D:\AllWork\Project-PHP-Usecase\public\index.php(37): CodeIgniter\CodeIgniter->run()
#8 D:\AllWork\Project-PHP-Usecase\system\Commands\Server\rewrite.php(43): require_once('D:\\AllWork\\Proj...')
#9 {main}
CRITICAL - 2022-03-07 02:07:41 --> Call to undefined function set_value()
#0 D:\AllWork\Project-PHP-Usecase\system\View\View.php(210): include()
#1 D:\AllWork\Project-PHP-Usecase\system\View\View.php(213): CodeIgniter\View\View->CodeIgniter\View\{closure}()
#2 D:\AllWork\Project-PHP-Usecase\system\Common.php(1089): CodeIgniter\View\View->render('login', Array, true)
#3 D:\AllWork\Project-PHP-Usecase\app\Controllers\Home.php(9): view('login')
#4 D:\AllWork\Project-PHP-Usecase\system\CodeIgniter.php(832): App\Controllers\Home->index()
#5 D:\AllWork\Project-PHP-Usecase\system\CodeIgniter.php(419): CodeIgniter\CodeIgniter->runController(Object(App\Controllers\Home))
#6 D:\AllWork\Project-PHP-Usecase\system\CodeIgniter.php(326): CodeIgniter\CodeIgniter->handleRequest(NULL, Object(Config\Cache), false)
#7 D:\AllWork\Project-PHP-Usecase\public\index.php(37): CodeIgniter\CodeIgniter->run()
#8 D:\AllWork\Project-PHP-Usecase\system\Commands\Server\rewrite.php(43): require_once('D:\\AllWork\\Proj...')
#9 {main}
CRITICAL - 2022-03-07 02:07:42 --> Call to undefined function set_value()
#0 D:\AllWork\Project-PHP-Usecase\system\View\View.php(210): include()
#1 D:\AllWork\Project-PHP-Usecase\system\View\View.php(213): CodeIgniter\View\View->CodeIgniter\View\{closure}()
#2 D:\AllWork\Project-PHP-Usecase\system\Common.php(1089): CodeIgniter\View\View->render('login', Array, true)
#3 D:\AllWork\Project-PHP-Usecase\app\Controllers\Home.php(9): view('login')
#4 D:\AllWork\Project-PHP-Usecase\system\CodeIgniter.php(832): App\Controllers\Home->index()
#5 D:\AllWork\Project-PHP-Usecase\system\CodeIgniter.php(419): CodeIgniter\CodeIgniter->runController(Object(App\Controllers\Home))
#6 D:\AllWork\Project-PHP-Usecase\system\CodeIgniter.php(326): CodeIgniter\CodeIgniter->handleRequest(NULL, Object(Config\Cache), false)
#7 D:\AllWork\Project-PHP-Usecase\public\index.php(37): CodeIgniter\CodeIgniter->run()
#8 D:\AllWork\Project-PHP-Usecase\system\Commands\Server\rewrite.php(43): require_once('D:\\AllWork\\Proj...')
#9 {main}
CRITICAL - 2022-03-07 02:07:42 --> Call to undefined function set_value()
#0 D:\AllWork\Project-PHP-Usecase\system\View\View.php(210): include()
#1 D:\AllWork\Project-PHP-Usecase\system\View\View.php(213): CodeIgniter\View\View->CodeIgniter\View\{closure}()
#2 D:\AllWork\Project-PHP-Usecase\system\Common.php(1089): CodeIgniter\View\View->render('login', Array, true)
#3 D:\AllWork\Project-PHP-Usecase\app\Controllers\Home.php(9): view('login')
#4 D:\AllWork\Project-PHP-Usecase\system\CodeIgniter.php(832): App\Controllers\Home->index()
#5 D:\AllWork\Project-PHP-Usecase\system\CodeIgniter.php(419): CodeIgniter\CodeIgniter->runController(Object(App\Controllers\Home))
#6 D:\AllWork\Project-PHP-Usecase\system\CodeIgniter.php(326): CodeIgniter\CodeIgniter->handleRequest(NULL, Object(Config\Cache), false)
#7 D:\AllWork\Project-PHP-Usecase\public\index.php(37): CodeIgniter\CodeIgniter->run()
#8 D:\AllWork\Project-PHP-Usecase\system\Commands\Server\rewrite.php(43): require_once('D:\\AllWork\\Proj...')
#9 {main}
CRITICAL - 2022-03-07 02:07:42 --> Call to undefined function set_value()
#0 D:\AllWork\Project-PHP-Usecase\system\View\View.php(210): include()
#1 D:\AllWork\Project-PHP-Usecase\system\View\View.php(213): CodeIgniter\View\View->CodeIgniter\View\{closure}()
#2 D:\AllWork\Project-PHP-Usecase\system\Common.php(1089): CodeIgniter\View\View->render('login', Array, true)
#3 D:\AllWork\Project-PHP-Usecase\app\Controllers\Home.php(9): view('login')
#4 D:\AllWork\Project-PHP-Usecase\system\CodeIgniter.php(832): App\Controllers\Home->index()
#5 D:\AllWork\Project-PHP-Usecase\system\CodeIgniter.php(419): CodeIgniter\CodeIgniter->runController(Object(App\Controllers\Home))
#6 D:\AllWork\Project-PHP-Usecase\system\CodeIgniter.php(326): CodeIgniter\CodeIgniter->handleRequest(NULL, Object(Config\Cache), false)
#7 D:\AllWork\Project-PHP-Usecase\public\index.php(37): CodeIgniter\CodeIgniter->run()
#8 D:\AllWork\Project-PHP-Usecase\system\Commands\Server\rewrite.php(43): require_once('D:\\AllWork\\Proj...')
#9 {main}
CRITICAL - 2022-03-07 02:07:42 --> Call to undefined function set_value()
#0 D:\AllWork\Project-PHP-Usecase\system\View\View.php(210): include()
#1 D:\AllWork\Project-PHP-Usecase\system\View\View.php(213): CodeIgniter\View\View->CodeIgniter\View\{closure}()
#2 D:\AllWork\Project-PHP-Usecase\system\Common.php(1089): CodeIgniter\View\View->render('login', Array, true)
#3 D:\AllWork\Project-PHP-Usecase\app\Controllers\Home.php(9): view('login')
#4 D:\AllWork\Project-PHP-Usecase\system\CodeIgniter.php(832): App\Controllers\Home->index()
#5 D:\AllWork\Project-PHP-Usecase\system\CodeIgniter.php(419): CodeIgniter\CodeIgniter->runController(Object(App\Controllers\Home))
#6 D:\AllWork\Project-PHP-Usecase\system\CodeIgniter.php(326): CodeIgniter\CodeIgniter->handleRequest(NULL, Object(Config\Cache), false)
#7 D:\AllWork\Project-PHP-Usecase\public\index.php(37): CodeIgniter\CodeIgniter->run()
#8 D:\AllWork\Project-PHP-Usecase\system\Commands\Server\rewrite.php(43): require_once('D:\\AllWork\\Proj...')
#9 {main}
CRITICAL - 2022-03-07 02:07:42 --> Call to undefined function set_value()
#0 D:\AllWork\Project-PHP-Usecase\system\View\View.php(210): include()
#1 D:\AllWork\Project-PHP-Usecase\system\View\View.php(213): CodeIgniter\View\View->CodeIgniter\View\{closure}()
#2 D:\AllWork\Project-PHP-Usecase\system\Common.php(1089): CodeIgniter\View\View->render('login', Array, true)
#3 D:\AllWork\Project-PHP-Usecase\app\Controllers\Home.php(9): view('login')
#4 D:\AllWork\Project-PHP-Usecase\system\CodeIgniter.php(832): App\Controllers\Home->index()
#5 D:\AllWork\Project-PHP-Usecase\system\CodeIgniter.php(419): CodeIgniter\CodeIgniter->runController(Object(App\Controllers\Home))
#6 D:\AllWork\Project-PHP-Usecase\system\CodeIgniter.php(326): CodeIgniter\CodeIgniter->handleRequest(NULL, Object(Config\Cache), false)
#7 D:\AllWork\Project-PHP-Usecase\public\index.php(37): CodeIgniter\CodeIgniter->run()
#8 D:\AllWork\Project-PHP-Usecase\system\Commands\Server\rewrite.php(43): require_once('D:\\AllWork\\Proj...')
#9 {main}
CRITICAL - 2022-03-07 02:07:42 --> Call to undefined function set_value()
#0 D:\AllWork\Project-PHP-Usecase\system\View\View.php(210): include()
#1 D:\AllWork\Project-PHP-Usecase\system\View\View.php(213): CodeIgniter\View\View->CodeIgniter\View\{closure}()
#2 D:\AllWork\Project-PHP-Usecase\system\Common.php(1089): CodeIgniter\View\View->render('login', Array, true)
#3 D:\AllWork\Project-PHP-Usecase\app\Controllers\Home.php(9): view('login')
#4 D:\AllWork\Project-PHP-Usecase\system\CodeIgniter.php(832): App\Controllers\Home->index()
#5 D:\AllWork\Project-PHP-Usecase\system\CodeIgniter.php(419): CodeIgniter\CodeIgniter->runController(Object(App\Controllers\Home))
#6 D:\AllWork\Project-PHP-Usecase\system\CodeIgniter.php(326): CodeIgniter\CodeIgniter->handleRequest(NULL, Object(Config\Cache), false)
#7 D:\AllWork\Project-PHP-Usecase\public\index.php(37): CodeIgniter\CodeIgniter->run()
#8 D:\AllWork\Project-PHP-Usecase\system\Commands\Server\rewrite.php(43): require_once('D:\\AllWork\\Proj...')
#9 {main}
CRITICAL - 2022-03-07 02:07:43 --> Call to undefined function set_value()
#0 D:\AllWork\Project-PHP-Usecase\system\View\View.php(210): include()
#1 D:\AllWork\Project-PHP-Usecase\system\View\View.php(213): CodeIgniter\View\View->CodeIgniter\View\{closure}()
#2 D:\AllWork\Project-PHP-Usecase\system\Common.php(1089): CodeIgniter\View\View->render('login', Array, true)
#3 D:\AllWork\Project-PHP-Usecase\app\Controllers\Home.php(9): view('login')
#4 D:\AllWork\Project-PHP-Usecase\system\CodeIgniter.php(832): App\Controllers\Home->index()
#5 D:\AllWork\Project-PHP-Usecase\system\CodeIgniter.php(419): CodeIgniter\CodeIgniter->runController(Object(App\Controllers\Home))
#6 D:\AllWork\Project-PHP-Usecase\system\CodeIgniter.php(326): CodeIgniter\CodeIgniter->handleRequest(NULL, Object(Config\Cache), false)
#7 D:\AllWork\Project-PHP-Usecase\public\index.php(37): CodeIgniter\CodeIgniter->run()
#8 D:\AllWork\Project-PHP-Usecase\system\Commands\Server\rewrite.php(43): require_once('D:\\AllWork\\Proj...')
#9 {main}
CRITICAL - 2022-03-07 02:10:08 --> Call to undefined function set_value()
#0 D:\AllWork\Project-PHP-Usecase\system\View\View.php(210): include()
#1 D:\AllWork\Project-PHP-Usecase\system\View\View.php(213): CodeIgniter\View\View->CodeIgniter\View\{closure}()
#2 D:\AllWork\Project-PHP-Usecase\system\Common.php(1089): CodeIgniter\View\View->render('login', Array, true)
#3 D:\AllWork\Project-PHP-Usecase\app\Controllers\Home.php(9): view('login')
#4 D:\AllWork\Project-PHP-Usecase\system\CodeIgniter.php(832): App\Controllers\Home->index()
#5 D:\AllWork\Project-PHP-Usecase\system\CodeIgniter.php(419): CodeIgniter\CodeIgniter->runController(Object(App\Controllers\Home))
#6 D:\AllWork\Project-PHP-Usecase\system\CodeIgniter.php(326): CodeIgniter\CodeIgniter->handleRequest(NULL, Object(Config\Cache), false)
#7 D:\AllWork\Project-PHP-Usecase\public\index.php(37): CodeIgniter\CodeIgniter->run()
#8 D:\AllWork\Project-PHP-Usecase\system\Commands\Server\rewrite.php(43): require_once('D:\\AllWork\\Proj...')
#9 {main}
CRITICAL - 2022-03-07 02:10:11 --> Call to undefined function set_value()
#0 D:\AllWork\Project-PHP-Usecase\system\View\View.php(210): include()
#1 D:\AllWork\Project-PHP-Usecase\system\View\View.php(213): CodeIgniter\View\View->CodeIgniter\View\{closure}()
#2 D:\AllWork\Project-PHP-Usecase\system\Common.php(1089): CodeIgniter\View\View->render('login', Array, true)
#3 D:\AllWork\Project-PHP-Usecase\app\Controllers\Home.php(9): view('login')
#4 D:\AllWork\Project-PHP-Usecase\system\CodeIgniter.php(832): App\Controllers\Home->index()
#5 D:\AllWork\Project-PHP-Usecase\system\CodeIgniter.php(419): CodeIgniter\CodeIgniter->runController(Object(App\Controllers\Home))
#6 D:\AllWork\Project-PHP-Usecase\system\CodeIgniter.php(326): CodeIgniter\CodeIgniter->handleRequest(NULL, Object(Config\Cache), false)
#7 D:\AllWork\Project-PHP-Usecase\public\index.php(37): CodeIgniter\CodeIgniter->run()
#8 D:\AllWork\Project-PHP-Usecase\system\Commands\Server\rewrite.php(43): require_once('D:\\AllWork\\Proj...')
#9 {main}
CRITICAL - 2022-03-07 02:10:15 --> Call to undefined function set_value()
#0 D:\AllWork\Project-PHP-Usecase\system\View\View.php(210): include()
#1 D:\AllWork\Project-PHP-Usecase\system\View\View.php(213): CodeIgniter\View\View->CodeIgniter\View\{closure}()
#2 D:\AllWork\Project-PHP-Usecase\system\Common.php(1089): CodeIgniter\View\View->render('login', Array, true)
#3 D:\AllWork\Project-PHP-Usecase\app\Controllers\Home.php(9): view('login')
#4 D:\AllWork\Project-PHP-Usecase\system\CodeIgniter.php(832): App\Controllers\Home->index()
#5 D:\AllWork\Project-PHP-Usecase\system\CodeIgniter.php(419): CodeIgniter\CodeIgniter->runController(Object(App\Controllers\Home))
#6 D:\AllWork\Project-PHP-Usecase\system\CodeIgniter.php(326): CodeIgniter\CodeIgniter->handleRequest(NULL, Object(Config\Cache), false)
#7 D:\AllWork\Project-PHP-Usecase\public\index.php(37): CodeIgniter\CodeIgniter->run()
#8 D:\AllWork\Project-PHP-Usecase\system\Commands\Server\rewrite.php(43): require_once('D:\\AllWork\\Proj...')
#9 {main}
CRITICAL - 2022-03-07 02:21:29 --> msg is not a valid Validation template.
#0 D:\AllWork\Project-PHP-Usecase\system\Validation\Validation.php(485): CodeIgniter\Validation\Exceptions\ValidationException::forInvalidTemplate('msg')
#1 D:\AllWork\Project-PHP-Usecase\app\Views\register.php(39): CodeIgniter\Validation\Validation->listErrors('msg')
#2 D:\AllWork\Project-PHP-Usecase\system\View\View.php(210): include('D:\\AllWork\\Proj...')
#3 D:\AllWork\Project-PHP-Usecase\system\View\View.php(213): CodeIgniter\View\View->CodeIgniter\View\{closure}()
#4 D:\AllWork\Project-PHP-Usecase\system\Common.php(1089): CodeIgniter\View\View->render('register', Array, true)
#5 D:\AllWork\Project-PHP-Usecase\app\Controllers\logincontro.php(49): view('register', Array)
#6 D:\AllWork\Project-PHP-Usecase\system\CodeIgniter.php(832): App\Controllers\logincontro->register()
#7 D:\AllWork\Project-PHP-Usecase\system\CodeIgniter.php(419): CodeIgniter\CodeIgniter->runController(Object(App\Controllers\logincontro))
#8 D:\AllWork\Project-PHP-Usecase\system\CodeIgniter.php(326): CodeIgniter\CodeIgniter->handleRequest(NULL, Object(Config\Cache), false)
#9 D:\AllWork\Project-PHP-Usecase\public\index.php(37): CodeIgniter\CodeIgniter->run()
#10 D:\AllWork\Project-PHP-Usecase\system\Commands\Server\rewrite.php(43): require_once('D:\\AllWork\\Proj...')
#11 {main}
CRITICAL - 2022-03-07 02:21:29 --> msg is not a valid Validation template.
#0 D:\AllWork\Project-PHP-Usecase\system\Validation\Validation.php(485): CodeIgniter\Validation\Exceptions\ValidationException::forInvalidTemplate('msg')
#1 D:\AllWork\Project-PHP-Usecase\app\Views\register.php(39): CodeIgniter\Validation\Validation->listErrors('msg')
#2 D:\AllWork\Project-PHP-Usecase\system\View\View.php(210): include('D:\\AllWork\\Proj...')
#3 D:\AllWork\Project-PHP-Usecase\system\View\View.php(213): CodeIgniter\View\View->CodeIgniter\View\{closure}()
#4 D:\AllWork\Project-PHP-Usecase\system\Common.php(1089): CodeIgniter\View\View->render('register', Array, true)
#5 D:\AllWork\Project-PHP-Usecase\app\Controllers\logincontro.php(49): view('register', Array)
#6 D:\AllWork\Project-PHP-Usecase\system\CodeIgniter.php(832): App\Controllers\logincontro->register()
#7 D:\AllWork\Project-PHP-Usecase\system\CodeIgniter.php(419): CodeIgniter\CodeIgniter->runController(Object(App\Controllers\logincontro))
#8 D:\AllWork\Project-PHP-Usecase\system\CodeIgniter.php(326): CodeIgniter\CodeIgniter->handleRequest(NULL, Object(Config\Cache), false)
#9 D:\AllWork\Project-PHP-Usecase\public\index.php(37): CodeIgniter\CodeIgniter->run()
#10 D:\AllWork\Project-PHP-Usecase\system\Commands\Server\rewrite.php(43): require_once('D:\\AllWork\\Proj...')
#11 {main}
CRITICAL - 2022-03-07 02:21:30 --> msg is not a valid Validation template.
#0 D:\AllWork\Project-PHP-Usecase\system\Validation\Validation.php(485): CodeIgniter\Validation\Exceptions\ValidationException::forInvalidTemplate('msg')
#1 D:\AllWork\Project-PHP-Usecase\app\Views\register.php(39): CodeIgniter\Validation\Validation->listErrors('msg')
#2 D:\AllWork\Project-PHP-Usecase\system\View\View.php(210): include('D:\\AllWork\\Proj...')
#3 D:\AllWork\Project-PHP-Usecase\system\View\View.php(213): CodeIgniter\View\View->CodeIgniter\View\{closure}()
#4 D:\AllWork\Project-PHP-Usecase\system\Common.php(1089): CodeIgniter\View\View->render('register', Array, true)
#5 D:\AllWork\Project-PHP-Usecase\app\Controllers\logincontro.php(49): view('register', Array)
#6 D:\AllWork\Project-PHP-Usecase\system\CodeIgniter.php(832): App\Controllers\logincontro->register()
#7 D:\AllWork\Project-PHP-Usecase\system\CodeIgniter.php(419): CodeIgniter\CodeIgniter->runController(Object(App\Controllers\logincontro))
#8 D:\AllWork\Project-PHP-Usecase\system\CodeIgniter.php(326): CodeIgniter\CodeIgniter->handleRequest(NULL, Object(Config\Cache), false)
#9 D:\AllWork\Project-PHP-Usecase\public\index.php(37): CodeIgniter\CodeIgniter->run()
#10 D:\AllWork\Project-PHP-Usecase\system\Commands\Server\rewrite.php(43): require_once('D:\\AllWork\\Proj...')
#11 {main}
CRITICAL - 2022-03-07 02:21:30 --> msg is not a valid Validation template.
#0 D:\AllWork\Project-PHP-Usecase\system\Validation\Validation.php(485): CodeIgniter\Validation\Exceptions\ValidationException::forInvalidTemplate('msg')
#1 D:\AllWork\Project-PHP-Usecase\app\Views\register.php(39): CodeIgniter\Validation\Validation->listErrors('msg')
#2 D:\AllWork\Project-PHP-Usecase\system\View\View.php(210): include('D:\\AllWork\\Proj...')
#3 D:\AllWork\Project-PHP-Usecase\system\View\View.php(213): CodeIgniter\View\View->CodeIgniter\View\{closure}()
#4 D:\AllWork\Project-PHP-Usecase\system\Common.php(1089): CodeIgniter\View\View->render('register', Array, true)
#5 D:\AllWork\Project-PHP-Usecase\app\Controllers\logincontro.php(49): view('register', Array)
#6 D:\AllWork\Project-PHP-Usecase\system\CodeIgniter.php(832): App\Controllers\logincontro->register()
#7 D:\AllWork\Project-PHP-Usecase\system\CodeIgniter.php(419): CodeIgniter\CodeIgniter->runController(Object(App\Controllers\logincontro))
#8 D:\AllWork\Project-PHP-Usecase\system\CodeIgniter.php(326): CodeIgniter\CodeIgniter->handleRequest(NULL, Object(Config\Cache), false)
#9 D:\AllWork\Project-PHP-Usecase\public\index.php(37): CodeIgniter\CodeIgniter->run()
#10 D:\AllWork\Project-PHP-Usecase\system\Commands\Server\rewrite.php(43): require_once('D:\\AllWork\\Proj...')
#11 {main}
CRITICAL - 2022-03-07 02:21:30 --> msg is not a valid Validation template.
#0 D:\AllWork\Project-PHP-Usecase\system\Validation\Validation.php(485): CodeIgniter\Validation\Exceptions\ValidationException::forInvalidTemplate('msg')
#1 D:\AllWork\Project-PHP-Usecase\app\Views\register.php(39): CodeIgniter\Validation\Validation->listErrors('msg')
#2 D:\AllWork\Project-PHP-Usecase\system\View\View.php(210): include('D:\\AllWork\\Proj...')
#3 D:\AllWork\Project-PHP-Usecase\system\View\View.php(213): CodeIgniter\View\View->CodeIgniter\View\{closure}()
#4 D:\AllWork\Project-PHP-Usecase\system\Common.php(1089): CodeIgniter\View\View->render('register', Array, true)
#5 D:\AllWork\Project-PHP-Usecase\app\Controllers\logincontro.php(49): view('register', Array)
#6 D:\AllWork\Project-PHP-Usecase\system\CodeIgniter.php(832): App\Controllers\logincontro->register()
#7 D:\AllWork\Project-PHP-Usecase\system\CodeIgniter.php(419): CodeIgniter\CodeIgniter->runController(Object(App\Controllers\logincontro))
#8 D:\AllWork\Project-PHP-Usecase\system\CodeIgniter.php(326): CodeIgniter\CodeIgniter->handleRequest(NULL, Object(Config\Cache), false)
#9 D:\AllWork\Project-PHP-Usecase\public\index.php(37): CodeIgniter\CodeIgniter->run()
#10 D:\AllWork\Project-PHP-Usecase\system\Commands\Server\rewrite.php(43): require_once('D:\\AllWork\\Proj...')
#11 {main}
CRITICAL - 2022-03-07 02:21:31 --> msg is not a valid Validation template.
#0 D:\AllWork\Project-PHP-Usecase\system\Validation\Validation.php(485): CodeIgniter\Validation\Exceptions\ValidationException::forInvalidTemplate('msg')
#1 D:\AllWork\Project-PHP-Usecase\app\Views\register.php(39): CodeIgniter\Validation\Validation->listErrors('msg')
#2 D:\AllWork\Project-PHP-Usecase\system\View\View.php(210): include('D:\\AllWork\\Proj...')
#3 D:\AllWork\Project-PHP-Usecase\system\View\View.php(213): CodeIgniter\View\View->CodeIgniter\View\{closure}()
#4 D:\AllWork\Project-PHP-Usecase\system\Common.php(1089): CodeIgniter\View\View->render('register', Array, true)
#5 D:\AllWork\Project-PHP-Usecase\app\Controllers\logincontro.php(49): view('register', Array)
#6 D:\AllWork\Project-PHP-Usecase\system\CodeIgniter.php(832): App\Controllers\logincontro->register()
#7 D:\AllWork\Project-PHP-Usecase\system\CodeIgniter.php(419): CodeIgniter\CodeIgniter->runController(Object(App\Controllers\logincontro))
#8 D:\AllWork\Project-PHP-Usecase\system\CodeIgniter.php(326): CodeIgniter\CodeIgniter->handleRequest(NULL, Object(Config\Cache), false)
#9 D:\AllWork\Project-PHP-Usecase\public\index.php(37): CodeIgniter\CodeIgniter->run()
#10 D:\AllWork\Project-PHP-Usecase\system\Commands\Server\rewrite.php(43): require_once('D:\\AllWork\\Proj...')
#11 {main}
CRITICAL - 2022-03-07 02:21:31 --> msg is not a valid Validation template.
#0 D:\AllWork\Project-PHP-Usecase\system\Validation\Validation.php(485): CodeIgniter\Validation\Exceptions\ValidationException::forInvalidTemplate('msg')
#1 D:\AllWork\Project-PHP-Usecase\app\Views\register.php(39): CodeIgniter\Validation\Validation->listErrors('msg')
#2 D:\AllWork\Project-PHP-Usecase\system\View\View.php(210): include('D:\\AllWork\\Proj...')
#3 D:\AllWork\Project-PHP-Usecase\system\View\View.php(213): CodeIgniter\View\View->CodeIgniter\View\{closure}()
#4 D:\AllWork\Project-PHP-Usecase\system\Common.php(1089): CodeIgniter\View\View->render('register', Array, true)
#5 D:\AllWork\Project-PHP-Usecase\app\Controllers\logincontro.php(49): view('register', Array)
#6 D:\AllWork\Project-PHP-Usecase\system\CodeIgniter.php(832): App\Controllers\logincontro->register()
#7 D:\AllWork\Project-PHP-Usecase\system\CodeIgniter.php(419): CodeIgniter\CodeIgniter->runController(Object(App\Controllers\logincontro))
#8 D:\AllWork\Project-PHP-Usecase\system\CodeIgniter.php(326): CodeIgniter\CodeIgniter->handleRequest(NULL, Object(Config\Cache), false)
#9 D:\AllWork\Project-PHP-Usecase\public\index.php(37): CodeIgniter\CodeIgniter->run()
#10 D:\AllWork\Project-PHP-Usecase\system\Commands\Server\rewrite.php(43): require_once('D:\\AllWork\\Proj...')
#11 {main}
CRITICAL - 2022-03-07 02:21:31 --> msg is not a valid Validation template.
#0 D:\AllWork\Project-PHP-Usecase\system\Validation\Validation.php(485): CodeIgniter\Validation\Exceptions\ValidationException::forInvalidTemplate('msg')
#1 D:\AllWork\Project-PHP-Usecase\app\Views\register.php(39): CodeIgniter\Validation\Validation->listErrors('msg')
#2 D:\AllWork\Project-PHP-Usecase\system\View\View.php(210): include('D:\\AllWork\\Proj...')
#3 D:\AllWork\Project-PHP-Usecase\system\View\View.php(213): CodeIgniter\View\View->CodeIgniter\View\{closure}()
#4 D:\AllWork\Project-PHP-Usecase\system\Common.php(1089): CodeIgniter\View\View->render('register', Array, true)
#5 D:\AllWork\Project-PHP-Usecase\app\Controllers\logincontro.php(49): view('register', Array)
#6 D:\AllWork\Project-PHP-Usecase\system\CodeIgniter.php(832): App\Controllers\logincontro->register()
#7 D:\AllWork\Project-PHP-Usecase\system\CodeIgniter.php(419): CodeIgniter\CodeIgniter->runController(Object(App\Controllers\logincontro))
#8 D:\AllWork\Project-PHP-Usecase\system\CodeIgniter.php(326): CodeIgniter\CodeIgniter->handleRequest(NULL, Object(Config\Cache), false)
#9 D:\AllWork\Project-PHP-Usecase\public\index.php(37): CodeIgniter\CodeIgniter->run()
#10 D:\AllWork\Project-PHP-Usecase\system\Commands\Server\rewrite.php(43): require_once('D:\\AllWork\\Proj...')
#11 {main}
CRITICAL - 2022-03-07 02:21:31 --> msg is not a valid Validation template.
#0 D:\AllWork\Project-PHP-Usecase\system\Validation\Validation.php(485): CodeIgniter\Validation\Exceptions\ValidationException::forInvalidTemplate('msg')
#1 D:\AllWork\Project-PHP-Usecase\app\Views\register.php(39): CodeIgniter\Validation\Validation->listErrors('msg')
#2 D:\AllWork\Project-PHP-Usecase\system\View\View.php(210): include('D:\\AllWork\\Proj...')
#3 D:\AllWork\Project-PHP-Usecase\system\View\View.php(213): CodeIgniter\View\View->CodeIgniter\View\{closure}()
#4 D:\AllWork\Project-PHP-Usecase\system\Common.php(1089): CodeIgniter\View\View->render('register', Array, true)
#5 D:\AllWork\Project-PHP-Usecase\app\Controllers\logincontro.php(49): view('register', Array)
#6 D:\AllWork\Project-PHP-Usecase\system\CodeIgniter.php(832): App\Controllers\logincontro->register()
#7 D:\AllWork\Project-PHP-Usecase\system\CodeIgniter.php(419): CodeIgniter\CodeIgniter->runController(Object(App\Controllers\logincontro))
#8 D:\AllWork\Project-PHP-Usecase\system\CodeIgniter.php(326): CodeIgniter\CodeIgniter->handleRequest(NULL, Object(Config\Cache), false)
#9 D:\AllWork\Project-PHP-Usecase\public\index.php(37): CodeIgniter\CodeIgniter->run()
#10 D:\AllWork\Project-PHP-Usecase\system\Commands\Server\rewrite.php(43): require_once('D:\\AllWork\\Proj...')
#11 {main}
CRITICAL - 2022-03-07 02:21:31 --> msg is not a valid Validation template.
#0 D:\AllWork\Project-PHP-Usecase\system\Validation\Validation.php(485): CodeIgniter\Validation\Exceptions\ValidationException::forInvalidTemplate('msg')
#1 D:\AllWork\Project-PHP-Usecase\app\Views\register.php(39): CodeIgniter\Validation\Validation->listErrors('msg')
#2 D:\AllWork\Project-PHP-Usecase\system\View\View.php(210): include('D:\\AllWork\\Proj...')
#3 D:\AllWork\Project-PHP-Usecase\system\View\View.php(213): CodeIgniter\View\View->CodeIgniter\View\{closure}()
#4 D:\AllWork\Project-PHP-Usecase\system\Common.php(1089): CodeIgniter\View\View->render('register', Array, true)
#5 D:\AllWork\Project-PHP-Usecase\app\Controllers\logincontro.php(49): view('register', Array)
#6 D:\AllWork\Project-PHP-Usecase\system\CodeIgniter.php(832): App\Controllers\logincontro->register()
#7 D:\AllWork\Project-PHP-Usecase\system\CodeIgniter.php(419): CodeIgniter\CodeIgniter->runController(Object(App\Controllers\logincontro))
#8 D:\AllWork\Project-PHP-Usecase\system\CodeIgniter.php(326): CodeIgniter\CodeIgniter->handleRequest(NULL, Object(Config\Cache), false)
#9 D:\AllWork\Project-PHP-Usecase\public\index.php(37): CodeIgniter\CodeIgniter->run()
#10 D:\AllWork\Project-PHP-Usecase\system\Commands\Server\rewrite.php(43): require_once('D:\\AllWork\\Proj...')
#11 {main}
CRITICAL - 2022-03-07 02:21:33 --> msg is not a valid Validation template.
#0 D:\AllWork\Project-PHP-Usecase\system\Validation\Validation.php(485): CodeIgniter\Validation\Exceptions\ValidationException::forInvalidTemplate('msg')
#1 D:\AllWork\Project-PHP-Usecase\app\Views\register.php(39): CodeIgniter\Validation\Validation->listErrors('msg')
#2 D:\AllWork\Project-PHP-Usecase\system\View\View.php(210): include('D:\\AllWork\\Proj...')
#3 D:\AllWork\Project-PHP-Usecase\system\View\View.php(213): CodeIgniter\View\View->CodeIgniter\View\{closure}()
#4 D:\AllWork\Project-PHP-Usecase\system\Common.php(1089): CodeIgniter\View\View->render('register', Array, true)
#5 D:\AllWork\Project-PHP-Usecase\app\Controllers\logincontro.php(49): view('register', Array)
#6 D:\AllWork\Project-PHP-Usecase\system\CodeIgniter.php(832): App\Controllers\logincontro->register()
#7 D:\AllWork\Project-PHP-Usecase\system\CodeIgniter.php(419): CodeIgniter\CodeIgniter->runController(Object(App\Controllers\logincontro))
#8 D:\AllWork\Project-PHP-Usecase\system\CodeIgniter.php(326): CodeIgniter\CodeIgniter->handleRequest(NULL, Object(Config\Cache), false)
#9 D:\AllWork\Project-PHP-Usecase\public\index.php(37): CodeIgniter\CodeIgniter->run()
#10 D:\AllWork\Project-PHP-Usecase\system\Commands\Server\rewrite.php(43): require_once('D:\\AllWork\\Proj...')
#11 {main}
CRITICAL - 2022-03-07 02:21:37 --> msg is not a valid Validation template.
#0 D:\AllWork\Project-PHP-Usecase\system\Validation\Validation.php(485): CodeIgniter\Validation\Exceptions\ValidationException::forInvalidTemplate('msg')
#1 D:\AllWork\Project-PHP-Usecase\app\Views\register.php(39): CodeIgniter\Validation\Validation->listErrors('msg')
#2 D:\AllWork\Project-PHP-Usecase\system\View\View.php(210): include('D:\\AllWork\\Proj...')
#3 D:\AllWork\Project-PHP-Usecase\system\View\View.php(213): CodeIgniter\View\View->CodeIgniter\View\{closure}()
#4 D:\AllWork\Project-PHP-Usecase\system\Common.php(1089): CodeIgniter\View\View->render('register', Array, true)
#5 D:\AllWork\Project-PHP-Usecase\app\Controllers\logincontro.php(49): view('register', Array)
#6 D:\AllWork\Project-PHP-Usecase\system\CodeIgniter.php(832): App\Controllers\logincontro->register()
#7 D:\AllWork\Project-PHP-Usecase\system\CodeIgniter.php(419): CodeIgniter\CodeIgniter->runController(Object(App\Controllers\logincontro))
#8 D:\AllWork\Project-PHP-Usecase\system\CodeIgniter.php(326): CodeIgniter\CodeIgniter->handleRequest(NULL, Object(Config\Cache), false)
#9 D:\AllWork\Project-PHP-Usecase\public\index.php(37): CodeIgniter\CodeIgniter->run()
#10 D:\AllWork\Project-PHP-Usecase\system\Commands\Server\rewrite.php(43): require_once('D:\\AllWork\\Proj...')
#11 {main}
CRITICAL - 2022-03-07 02:22:03 --> msg is not a valid Validation template.
#0 D:\AllWork\Project-PHP-Usecase\system\Validation\Validation.php(485): CodeIgniter\Validation\Exceptions\ValidationException::forInvalidTemplate('msg')
#1 D:\AllWork\Project-PHP-Usecase\app\Views\register.php(39): CodeIgniter\Validation\Validation->listErrors('msg')
#2 D:\AllWork\Project-PHP-Usecase\system\View\View.php(210): include('D:\\AllWork\\Proj...')
#3 D:\AllWork\Project-PHP-Usecase\system\View\View.php(213): CodeIgniter\View\View->CodeIgniter\View\{closure}()
#4 D:\AllWork\Project-PHP-Usecase\system\Common.php(1089): CodeIgniter\View\View->render('register', Array, true)
#5 D:\AllWork\Project-PHP-Usecase\app\Controllers\logincontro.php(49): view('register', Array)
#6 D:\AllWork\Project-PHP-Usecase\system\CodeIgniter.php(832): App\Controllers\logincontro->register()
#7 D:\AllWork\Project-PHP-Usecase\system\CodeIgniter.php(419): CodeIgniter\CodeIgniter->runController(Object(App\Controllers\logincontro))
#8 D:\AllWork\Project-PHP-Usecase\system\CodeIgniter.php(326): CodeIgniter\CodeIgniter->handleRequest(NULL, Object(Config\Cache), false)
#9 D:\AllWork\Project-PHP-Usecase\public\index.php(37): CodeIgniter\CodeIgniter->run()
#10 D:\AllWork\Project-PHP-Usecase\system\Commands\Server\rewrite.php(43): require_once('D:\\AllWork\\Proj...')
#11 {main}
CRITICAL - 2022-03-07 02:22:04 --> msg is not a valid Validation template.
#0 D:\AllWork\Project-PHP-Usecase\system\Validation\Validation.php(485): CodeIgniter\Validation\Exceptions\ValidationException::forInvalidTemplate('msg')
#1 D:\AllWork\Project-PHP-Usecase\app\Views\register.php(39): CodeIgniter\Validation\Validation->listErrors('msg')
#2 D:\AllWork\Project-PHP-Usecase\system\View\View.php(210): include('D:\\AllWork\\Proj...')
#3 D:\AllWork\Project-PHP-Usecase\system\View\View.php(213): CodeIgniter\View\View->CodeIgniter\View\{closure}()
#4 D:\AllWork\Project-PHP-Usecase\system\Common.php(1089): CodeIgniter\View\View->render('register', Array, true)
#5 D:\AllWork\Project-PHP-Usecase\app\Controllers\logincontro.php(49): view('register', Array)
#6 D:\AllWork\Project-PHP-Usecase\system\CodeIgniter.php(832): App\Controllers\logincontro->register()
#7 D:\AllWork\Project-PHP-Usecase\system\CodeIgniter.php(419): CodeIgniter\CodeIgniter->runController(Object(App\Controllers\logincontro))
#8 D:\AllWork\Project-PHP-Usecase\system\CodeIgniter.php(326): CodeIgniter\CodeIgniter->handleRequest(NULL, Object(Config\Cache), false)
#9 D:\AllWork\Project-PHP-Usecase\public\index.php(37): CodeIgniter\CodeIgniter->run()
#10 D:\AllWork\Project-PHP-Usecase\system\Commands\Server\rewrite.php(43): require_once('D:\\AllWork\\Proj...')
#11 {main}
CRITICAL - 2022-03-07 02:22:04 --> msg is not a valid Validation template.
#0 D:\AllWork\Project-PHP-Usecase\system\Validation\Validation.php(485): CodeIgniter\Validation\Exceptions\ValidationException::forInvalidTemplate('msg')
#1 D:\AllWork\Project-PHP-Usecase\app\Views\register.php(39): CodeIgniter\Validation\Validation->listErrors('msg')
#2 D:\AllWork\Project-PHP-Usecase\system\View\View.php(210): include('D:\\AllWork\\Proj...')
#3 D:\AllWork\Project-PHP-Usecase\system\View\View.php(213): CodeIgniter\View\View->CodeIgniter\View\{closure}()
#4 D:\AllWork\Project-PHP-Usecase\system\Common.php(1089): CodeIgniter\View\View->render('register', Array, true)
#5 D:\AllWork\Project-PHP-Usecase\app\Controllers\logincontro.php(49): view('register', Array)
#6 D:\AllWork\Project-PHP-Usecase\system\CodeIgniter.php(832): App\Controllers\logincontro->register()
#7 D:\AllWork\Project-PHP-Usecase\system\CodeIgniter.php(419): CodeIgniter\CodeIgniter->runController(Object(App\Controllers\logincontro))
#8 D:\AllWork\Project-PHP-Usecase\system\CodeIgniter.php(326): CodeIgniter\CodeIgniter->handleRequest(NULL, Object(Config\Cache), false)
#9 D:\AllWork\Project-PHP-Usecase\public\index.php(37): CodeIgniter\CodeIgniter->run()
#10 D:\AllWork\Project-PHP-Usecase\system\Commands\Server\rewrite.php(43): require_once('D:\\AllWork\\Proj...')
#11 {main}
CRITICAL - 2022-03-07 02:22:04 --> msg is not a valid Validation template.
#0 D:\AllWork\Project-PHP-Usecase\system\Validation\Validation.php(485): CodeIgniter\Validation\Exceptions\ValidationException::forInvalidTemplate('msg')
#1 D:\AllWork\Project-PHP-Usecase\app\Views\register.php(39): CodeIgniter\Validation\Validation->listErrors('msg')
#2 D:\AllWork\Project-PHP-Usecase\system\View\View.php(210): include('D:\\AllWork\\Proj...')
#3 D:\AllWork\Project-PHP-Usecase\system\View\View.php(213): CodeIgniter\View\View->CodeIgniter\View\{closure}()
#4 D:\AllWork\Project-PHP-Usecase\system\Common.php(1089): CodeIgniter\View\View->render('register', Array, true)
#5 D:\AllWork\Project-PHP-Usecase\app\Controllers\logincontro.php(49): view('register', Array)
#6 D:\AllWork\Project-PHP-Usecase\system\CodeIgniter.php(832): App\Controllers\logincontro->register()
#7 D:\AllWork\Project-PHP-Usecase\system\CodeIgniter.php(419): CodeIgniter\CodeIgniter->runController(Object(App\Controllers\logincontro))
#8 D:\AllWork\Project-PHP-Usecase\system\CodeIgniter.php(326): CodeIgniter\CodeIgniter->handleRequest(NULL, Object(Config\Cache), false)
#9 D:\AllWork\Project-PHP-Usecase\public\index.php(37): CodeIgniter\CodeIgniter->run()
#10 D:\AllWork\Project-PHP-Usecase\system\Commands\Server\rewrite.php(43): require_once('D:\\AllWork\\Proj...')
#11 {main}
CRITICAL - 2022-03-07 02:22:05 --> msg is not a valid Validation template.
#0 D:\AllWork\Project-PHP-Usecase\system\Validation\Validation.php(485): CodeIgniter\Validation\Exceptions\ValidationException::forInvalidTemplate('msg')
#1 D:\AllWork\Project-PHP-Usecase\app\Views\register.php(39): CodeIgniter\Validation\Validation->listErrors('msg')
#2 D:\AllWork\Project-PHP-Usecase\system\View\View.php(210): include('D:\\AllWork\\Proj...')
#3 D:\AllWork\Project-PHP-Usecase\system\View\View.php(213): CodeIgniter\View\View->CodeIgniter\View\{closure}()
#4 D:\AllWork\Project-PHP-Usecase\system\Common.php(1089): CodeIgniter\View\View->render('register', Array, true)
#5 D:\AllWork\Project-PHP-Usecase\app\Controllers\logincontro.php(49): view('register', Array)
#6 D:\AllWork\Project-PHP-Usecase\system\CodeIgniter.php(832): App\Controllers\logincontro->register()
#7 D:\AllWork\Project-PHP-Usecase\system\CodeIgniter.php(419): CodeIgniter\CodeIgniter->runController(Object(App\Controllers\logincontro))
#8 D:\AllWork\Project-PHP-Usecase\system\CodeIgniter.php(326): CodeIgniter\CodeIgniter->handleRequest(NULL, Object(Config\Cache), false)
#9 D:\AllWork\Project-PHP-Usecase\public\index.php(37): CodeIgniter\CodeIgniter->run()
#10 D:\AllWork\Project-PHP-Usecase\system\Commands\Server\rewrite.php(43): require_once('D:\\AllWork\\Proj...')
#11 {main}
CRITICAL - 2022-03-07 02:22:05 --> msg is not a valid Validation template.
#0 D:\AllWork\Project-PHP-Usecase\system\Validation\Validation.php(485): CodeIgniter\Validation\Exceptions\ValidationException::forInvalidTemplate('msg')
#1 D:\AllWork\Project-PHP-Usecase\app\Views\register.php(39): CodeIgniter\Validation\Validation->listErrors('msg')
#2 D:\AllWork\Project-PHP-Usecase\system\View\View.php(210): include('D:\\AllWork\\Proj...')
#3 D:\AllWork\Project-PHP-Usecase\system\View\View.php(213): CodeIgniter\View\View->CodeIgniter\View\{closure}()
#4 D:\AllWork\Project-PHP-Usecase\system\Common.php(1089): CodeIgniter\View\View->render('register', Array, true)
#5 D:\AllWork\Project-PHP-Usecase\app\Controllers\logincontro.php(49): view('register', Array)
#6 D:\AllWork\Project-PHP-Usecase\system\CodeIgniter.php(832): App\Controllers\logincontro->register()
#7 D:\AllWork\Project-PHP-Usecase\system\CodeIgniter.php(419): CodeIgniter\CodeIgniter->runController(Object(App\Controllers\logincontro))
#8 D:\AllWork\Project-PHP-Usecase\system\CodeIgniter.php(326): CodeIgniter\CodeIgniter->handleRequest(NULL, Object(Config\Cache), false)
#9 D:\AllWork\Project-PHP-Usecase\public\index.php(37): CodeIgniter\CodeIgniter->run()
#10 D:\AllWork\Project-PHP-Usecase\system\Commands\Server\rewrite.php(43): require_once('D:\\AllWork\\Proj...')
#11 {main}
CRITICAL - 2022-03-07 02:22:05 --> msg is not a valid Validation template.
#0 D:\AllWork\Project-PHP-Usecase\system\Validation\Validation.php(485): CodeIgniter\Validation\Exceptions\ValidationException::forInvalidTemplate('msg')
#1 D:\AllWork\Project-PHP-Usecase\app\Views\register.php(39): CodeIgniter\Validation\Validation->listErrors('msg')
#2 D:\AllWork\Project-PHP-Usecase\system\View\View.php(210): include('D:\\AllWork\\Proj...')
#3 D:\AllWork\Project-PHP-Usecase\system\View\View.php(213): CodeIgniter\View\View->CodeIgniter\View\{closure}()
#4 D:\AllWork\Project-PHP-Usecase\system\Common.php(1089): CodeIgniter\View\View->render('register', Array, true)
#5 D:\AllWork\Project-PHP-Usecase\app\Controllers\logincontro.php(49): view('register', Array)
#6 D:\AllWork\Project-PHP-Usecase\system\CodeIgniter.php(832): App\Controllers\logincontro->register()
#7 D:\AllWork\Project-PHP-Usecase\system\CodeIgniter.php(419): CodeIgniter\CodeIgniter->runController(Object(App\Controllers\logincontro))
#8 D:\AllWork\Project-PHP-Usecase\system\CodeIgniter.php(326): CodeIgniter\CodeIgniter->handleRequest(NULL, Object(Config\Cache), false)
#9 D:\AllWork\Project-PHP-Usecase\public\index.php(37): CodeIgniter\CodeIgniter->run()
#10 D:\AllWork\Project-PHP-Usecase\system\Commands\Server\rewrite.php(43): require_once('D:\\AllWork\\Proj...')
#11 {main}
CRITICAL - 2022-03-07 02:22:05 --> msg is not a valid Validation template.
#0 D:\AllWork\Project-PHP-Usecase\system\Validation\Validation.php(485): CodeIgniter\Validation\Exceptions\ValidationException::forInvalidTemplate('msg')
#1 D:\AllWork\Project-PHP-Usecase\app\Views\register.php(39): CodeIgniter\Validation\Validation->listErrors('msg')
#2 D:\AllWork\Project-PHP-Usecase\system\View\View.php(210): include('D:\\AllWork\\Proj...')
#3 D:\AllWork\Project-PHP-Usecase\system\View\View.php(213): CodeIgniter\View\View->CodeIgniter\View\{closure}()
#4 D:\AllWork\Project-PHP-Usecase\system\Common.php(1089): CodeIgniter\View\View->render('register', Array, true)
#5 D:\AllWork\Project-PHP-Usecase\app\Controllers\logincontro.php(49): view('register', Array)
#6 D:\AllWork\Project-PHP-Usecase\system\CodeIgniter.php(832): App\Controllers\logincontro->register()
#7 D:\AllWork\Project-PHP-Usecase\system\CodeIgniter.php(419): CodeIgniter\CodeIgniter->runController(Object(App\Controllers\logincontro))
#8 D:\AllWork\Project-PHP-Usecase\system\CodeIgniter.php(326): CodeIgniter\CodeIgniter->handleRequest(NULL, Object(Config\Cache), false)
#9 D:\AllWork\Project-PHP-Usecase\public\index.php(37): CodeIgniter\CodeIgniter->run()
#10 D:\AllWork\Project-PHP-Usecase\system\Commands\Server\rewrite.php(43): require_once('D:\\AllWork\\Proj...')
#11 {main}
CRITICAL - 2022-03-07 02:22:05 --> msg is not a valid Validation template.
#0 D:\AllWork\Project-PHP-Usecase\system\Validation\Validation.php(485): CodeIgniter\Validation\Exceptions\ValidationException::forInvalidTemplate('msg')
#1 D:\AllWork\Project-PHP-Usecase\app\Views\register.php(39): CodeIgniter\Validation\Validation->listErrors('msg')
#2 D:\AllWork\Project-PHP-Usecase\system\View\View.php(210): include('D:\\AllWork\\Proj...')
#3 D:\AllWork\Project-PHP-Usecase\system\View\View.php(213): CodeIgniter\View\View->CodeIgniter\View\{closure}()
#4 D:\AllWork\Project-PHP-Usecase\system\Common.php(1089): CodeIgniter\View\View->render('register', Array, true)
#5 D:\AllWork\Project-PHP-Usecase\app\Controllers\logincontro.php(49): view('register', Array)
#6 D:\AllWork\Project-PHP-Usecase\system\CodeIgniter.php(832): App\Controllers\logincontro->register()
#7 D:\AllWork\Project-PHP-Usecase\system\CodeIgniter.php(419): CodeIgniter\CodeIgniter->runController(Object(App\Controllers\logincontro))
#8 D:\AllWork\Project-PHP-Usecase\system\CodeIgniter.php(326): CodeIgniter\CodeIgniter->handleRequest(NULL, Object(Config\Cache), false)
#9 D:\AllWork\Project-PHP-Usecase\public\index.php(37): CodeIgniter\CodeIgniter->run()
#10 D:\AllWork\Project-PHP-Usecase\system\Commands\Server\rewrite.php(43): require_once('D:\\AllWork\\Proj...')
#11 {main}
CRITICAL - 2022-03-07 02:22:05 --> msg is not a valid Validation template.
#0 D:\AllWork\Project-PHP-Usecase\system\Validation\Validation.php(485): CodeIgniter\Validation\Exceptions\ValidationException::forInvalidTemplate('msg')
#1 D:\AllWork\Project-PHP-Usecase\app\Views\register.php(39): CodeIgniter\Validation\Validation->listErrors('msg')
#2 D:\AllWork\Project-PHP-Usecase\system\View\View.php(210): include('D:\\AllWork\\Proj...')
#3 D:\AllWork\Project-PHP-Usecase\system\View\View.php(213): CodeIgniter\View\View->CodeIgniter\View\{closure}()
#4 D:\AllWork\Project-PHP-Usecase\system\Common.php(1089): CodeIgniter\View\View->render('register', Array, true)
#5 D:\AllWork\Project-PHP-Usecase\app\Controllers\logincontro.php(49): view('register', Array)
#6 D:\AllWork\Project-PHP-Usecase\system\CodeIgniter.php(832): App\Controllers\logincontro->register()
#7 D:\AllWork\Project-PHP-Usecase\system\CodeIgniter.php(419): CodeIgniter\CodeIgniter->runController(Object(App\Controllers\logincontro))
#8 D:\AllWork\Project-PHP-Usecase\system\CodeIgniter.php(326): CodeIgniter\CodeIgniter->handleRequest(NULL, Object(Config\Cache), false)
#9 D:\AllWork\Project-PHP-Usecase\public\index.php(37): CodeIgniter\CodeIgniter->run()
#10 D:\AllWork\Project-PHP-Usecase\system\Commands\Server\rewrite.php(43): require_once('D:\\AllWork\\Proj...')
#11 {main}
CRITICAL - 2022-03-07 02:22:05 --> msg is not a valid Validation template.
#0 D:\AllWork\Project-PHP-Usecase\system\Validation\Validation.php(485): CodeIgniter\Validation\Exceptions\ValidationException::forInvalidTemplate('msg')
#1 D:\AllWork\Project-PHP-Usecase\app\Views\register.php(39): CodeIgniter\Validation\Validation->listErrors('msg')
#2 D:\AllWork\Project-PHP-Usecase\system\View\View.php(210): include('D:\\AllWork\\Proj...')
#3 D:\AllWork\Project-PHP-Usecase\system\View\View.php(213): CodeIgniter\View\View->CodeIgniter\View\{closure}()
#4 D:\AllWork\Project-PHP-Usecase\system\Common.php(1089): CodeIgniter\View\View->render('register', Array, true)
#5 D:\AllWork\Project-PHP-Usecase\app\Controllers\logincontro.php(49): view('register', Array)
#6 D:\AllWork\Project-PHP-Usecase\system\CodeIgniter.php(832): App\Controllers\logincontro->register()
#7 D:\AllWork\Project-PHP-Usecase\system\CodeIgniter.php(419): CodeIgniter\CodeIgniter->runController(Object(App\Controllers\logincontro))
#8 D:\AllWork\Project-PHP-Usecase\system\CodeIgniter.php(326): CodeIgniter\CodeIgniter->handleRequest(NULL, Object(Config\Cache), false)
#9 D:\AllWork\Project-PHP-Usecase\public\index.php(37): CodeIgniter\CodeIgniter->run()
#10 D:\AllWork\Project-PHP-Usecase\system\Commands\Server\rewrite.php(43): require_once('D:\\AllWork\\Proj...')
#11 {main}
CRITICAL - 2022-03-07 02:22:06 --> msg is not a valid Validation template.
#0 D:\AllWork\Project-PHP-Usecase\system\Validation\Validation.php(485): CodeIgniter\Validation\Exceptions\ValidationException::forInvalidTemplate('msg')
#1 D:\AllWork\Project-PHP-Usecase\app\Views\register.php(39): CodeIgniter\Validation\Validation->listErrors('msg')
#2 D:\AllWork\Project-PHP-Usecase\system\View\View.php(210): include('D:\\AllWork\\Proj...')
#3 D:\AllWork\Project-PHP-Usecase\system\View\View.php(213): CodeIgniter\View\View->CodeIgniter\View\{closure}()
#4 D:\AllWork\Project-PHP-Usecase\system\Common.php(1089): CodeIgniter\View\View->render('register', Array, true)
#5 D:\AllWork\Project-PHP-Usecase\app\Controllers\logincontro.php(49): view('register', Array)
#6 D:\AllWork\Project-PHP-Usecase\system\CodeIgniter.php(832): App\Controllers\logincontro->register()
#7 D:\AllWork\Project-PHP-Usecase\system\CodeIgniter.php(419): CodeIgniter\CodeIgniter->runController(Object(App\Controllers\logincontro))
#8 D:\AllWork\Project-PHP-Usecase\system\CodeIgniter.php(326): CodeIgniter\CodeIgniter->handleRequest(NULL, Object(Config\Cache), false)
#9 D:\AllWork\Project-PHP-Usecase\public\index.php(37): CodeIgniter\CodeIgniter->run()
#10 D:\AllWork\Project-PHP-Usecase\system\Commands\Server\rewrite.php(43): require_once('D:\\AllWork\\Proj...')
#11 {main}
CRITICAL - 2022-03-07 02:22:06 --> msg is not a valid Validation template.
#0 D:\AllWork\Project-PHP-Usecase\system\Validation\Validation.php(485): CodeIgniter\Validation\Exceptions\ValidationException::forInvalidTemplate('msg')
#1 D:\AllWork\Project-PHP-Usecase\app\Views\register.php(39): CodeIgniter\Validation\Validation->listErrors('msg')
#2 D:\AllWork\Project-PHP-Usecase\system\View\View.php(210): include('D:\\AllWork\\Proj...')
#3 D:\AllWork\Project-PHP-Usecase\system\View\View.php(213): CodeIgniter\View\View->CodeIgniter\View\{closure}()
#4 D:\AllWork\Project-PHP-Usecase\system\Common.php(1089): CodeIgniter\View\View->render('register', Array, true)
#5 D:\AllWork\Project-PHP-Usecase\app\Controllers\logincontro.php(49): view('register', Array)
#6 D:\AllWork\Project-PHP-Usecase\system\CodeIgniter.php(832): App\Controllers\logincontro->register()
#7 D:\AllWork\Project-PHP-Usecase\system\CodeIgniter.php(419): CodeIgniter\CodeIgniter->runController(Object(App\Controllers\logincontro))
#8 D:\AllWork\Project-PHP-Usecase\system\CodeIgniter.php(326): CodeIgniter\CodeIgniter->handleRequest(NULL, Object(Config\Cache), false)
#9 D:\AllWork\Project-PHP-Usecase\public\index.php(37): CodeIgniter\CodeIgniter->run()
#10 D:\AllWork\Project-PHP-Usecase\system\Commands\Server\rewrite.php(43): require_once('D:\\AllWork\\Proj...')
#11 {main}
CRITICAL - 2022-03-07 02:22:06 --> msg is not a valid Validation template.
#0 D:\AllWork\Project-PHP-Usecase\system\Validation\Validation.php(485): CodeIgniter\Validation\Exceptions\ValidationException::forInvalidTemplate('msg')
#1 D:\AllWork\Project-PHP-Usecase\app\Views\register.php(39): CodeIgniter\Validation\Validation->listErrors('msg')
#2 D:\AllWork\Project-PHP-Usecase\system\View\View.php(210): include('D:\\AllWork\\Proj...')
#3 D:\AllWork\Project-PHP-Usecase\system\View\View.php(213): CodeIgniter\View\View->CodeIgniter\View\{closure}()
#4 D:\AllWork\Project-PHP-Usecase\system\Common.php(1089): CodeIgniter\View\View->render('register', Array, true)
#5 D:\AllWork\Project-PHP-Usecase\app\Controllers\logincontro.php(49): view('register', Array)
#6 D:\AllWork\Project-PHP-Usecase\system\CodeIgniter.php(832): App\Controllers\logincontro->register()
#7 D:\AllWork\Project-PHP-Usecase\system\CodeIgniter.php(419): CodeIgniter\CodeIgniter->runController(Object(App\Controllers\logincontro))
#8 D:\AllWork\Project-PHP-Usecase\system\CodeIgniter.php(326): CodeIgniter\CodeIgniter->handleRequest(NULL, Object(Config\Cache), false)
#9 D:\AllWork\Project-PHP-Usecase\public\index.php(37): CodeIgniter\CodeIgniter->run()
#10 D:\AllWork\Project-PHP-Usecase\system\Commands\Server\rewrite.php(43): require_once('D:\\AllWork\\Proj...')
#11 {main}
CRITICAL - 2022-03-07 02:22:06 --> msg is not a valid Validation template.
#0 D:\AllWork\Project-PHP-Usecase\system\Validation\Validation.php(485): CodeIgniter\Validation\Exceptions\ValidationException::forInvalidTemplate('msg')
#1 D:\AllWork\Project-PHP-Usecase\app\Views\register.php(39): CodeIgniter\Validation\Validation->listErrors('msg')
#2 D:\AllWork\Project-PHP-Usecase\system\View\View.php(210): include('D:\\AllWork\\Proj...')
#3 D:\AllWork\Project-PHP-Usecase\system\View\View.php(213): CodeIgniter\View\View->CodeIgniter\View\{closure}()
#4 D:\AllWork\Project-PHP-Usecase\system\Common.php(1089): CodeIgniter\View\View->render('register', Array, true)
#5 D:\AllWork\Project-PHP-Usecase\app\Controllers\logincontro.php(49): view('register', Array)
#6 D:\AllWork\Project-PHP-Usecase\system\CodeIgniter.php(832): App\Controllers\logincontro->register()
#7 D:\AllWork\Project-PHP-Usecase\system\CodeIgniter.php(419): CodeIgniter\CodeIgniter->runController(Object(App\Controllers\logincontro))
#8 D:\AllWork\Project-PHP-Usecase\system\CodeIgniter.php(326): CodeIgniter\CodeIgniter->handleRequest(NULL, Object(Config\Cache), false)
#9 D:\AllWork\Project-PHP-Usecase\public\index.php(37): CodeIgniter\CodeIgniter->run()
#10 D:\AllWork\Project-PHP-Usecase\system\Commands\Server\rewrite.php(43): require_once('D:\\AllWork\\Proj...')
#11 {main}
