CRITICAL - 2022-03-20 03:37:21 --> Undefined variable $user
#0 D:\AllWork\Project-PHP-Usecase\app\Views\home.php(439): CodeIgniter\Debug\Exceptions->errorHandler(2, 'Undefined varia...', 'D:\\AllWork\\Proj...', 439)
#1 D:\AllWork\Project-PHP-Usecase\system\View\View.php(210): include('D:\\AllWork\\Proj...')
#2 D:\AllWork\Project-PHP-Usecase\system\View\View.php(213): CodeIgniter\View\View->CodeIgniter\View\{closure}()
#3 D:\AllWork\Project-PHP-Usecase\system\Common.php(1089): CodeIgniter\View\View->render('home', Array, true)
#4 D:\AllWork\Project-PHP-Usecase\app\Controllers\UserController.php(17): view('home')
#5 D:\AllWork\Project-PHP-Usecase\system\CodeIgniter.php(832): App\Controllers\UserController->index()
#6 D:\AllWork\Project-PHP-Usecase\system\CodeIgniter.php(419): CodeIgniter\CodeIgniter->runController(Object(App\Controllers\UserController))
#7 D:\AllWork\Project-PHP-Usecase\system\CodeIgniter.php(326): CodeIgniter\CodeIgniter->handleRequest(NULL, Object(Config\Cache), false)
#8 D:\AllWork\Project-PHP-Usecase\public\index.php(37): CodeIgniter\CodeIgniter->run()
#9 D:\AllWork\Project-PHP-Usecase\system\Commands\Server\rewrite.php(43): require_once('D:\\AllWork\\Proj...')
#10 {main}
CRITICAL - 2022-03-20 03:38:53 --> Undefined variable $user
#0 D:\AllWork\Project-PHP-Usecase\app\Views\home.php(439): CodeIgniter\Debug\Exceptions->errorHandler(2, 'Undefined varia...', 'D:\\AllWork\\Proj...', 439)
#1 D:\AllWork\Project-PHP-Usecase\system\View\View.php(210): include('D:\\AllWork\\Proj...')
#2 D:\AllWork\Project-PHP-Usecase\system\View\View.php(213): CodeIgniter\View\View->CodeIgniter\View\{closure}()
#3 D:\AllWork\Project-PHP-Usecase\system\Common.php(1089): CodeIgniter\View\View->render('home', Array, true)
#4 D:\AllWork\Project-PHP-Usecase\app\Controllers\UserController.php(17): view('home')
#5 D:\AllWork\Project-PHP-Usecase\system\CodeIgniter.php(832): App\Controllers\UserController->index()
#6 D:\AllWork\Project-PHP-Usecase\system\CodeIgniter.php(419): CodeIgniter\CodeIgniter->runController(Object(App\Controllers\UserController))
#7 D:\AllWork\Project-PHP-Usecase\system\CodeIgniter.php(326): CodeIgniter\CodeIgniter->handleRequest(NULL, Object(Config\Cache), false)
#8 D:\AllWork\Project-PHP-Usecase\public\index.php(37): CodeIgniter\CodeIgniter->run()
#9 D:\AllWork\Project-PHP-Usecase\system\Commands\Server\rewrite.php(43): require_once('D:\\AllWork\\Proj...')
#10 {main}
CRITICAL - 2022-03-20 03:39:06 --> Undefined variable $user
#0 D:\AllWork\Project-PHP-Usecase\app\Views\home.php(439): CodeIgniter\Debug\Exceptions->errorHandler(2, 'Undefined varia...', 'D:\\AllWork\\Proj...', 439)
#1 D:\AllWork\Project-PHP-Usecase\system\View\View.php(210): include('D:\\AllWork\\Proj...')
#2 D:\AllWork\Project-PHP-Usecase\system\View\View.php(213): CodeIgniter\View\View->CodeIgniter\View\{closure}()
#3 D:\AllWork\Project-PHP-Usecase\system\Common.php(1089): CodeIgniter\View\View->render('home', Array, true)
#4 D:\AllWork\Project-PHP-Usecase\app\Controllers\UserController.php(17): view('home')
#5 D:\AllWork\Project-PHP-Usecase\system\CodeIgniter.php(832): App\Controllers\UserController->index()
#6 D:\AllWork\Project-PHP-Usecase\system\CodeIgniter.php(419): CodeIgniter\CodeIgniter->runController(Object(App\Controllers\UserController))
#7 D:\AllWork\Project-PHP-Usecase\system\CodeIgniter.php(326): CodeIgniter\CodeIgniter->handleRequest(NULL, Object(Config\Cache), false)
#8 D:\AllWork\Project-PHP-Usecase\public\index.php(37): CodeIgniter\CodeIgniter->run()
#9 D:\AllWork\Project-PHP-Usecase\system\Commands\Server\rewrite.php(43): require_once('D:\\AllWork\\Proj...')
#10 {main}
